<?xml version="1.0" encoding="UTF-8"?>
<!-- Generated by org.testng.reporters.JUnitXMLReporter -->
<testsuite ignored="0" hostname="Hussain" failures="0" tests="3" name="Default test" time="13.838" errors="0" timestamp="2023-06-16T01:06:38 EDT">
  <testcase classname="test.DashboardTestPage" name="addCatagoryAndValidate" time="1.057"/>
  <testcase classname="test.DashboardTestPage" name="userShouldNotBeAbleToAddDuplicateCategory" time="1.67"/>
  <testcase classname="test.DashboardTestPage" name="validateMonthDropDown" time="0.682"/>
</testsuite> <!-- Default test -->
