<?xml version="1.0" encoding="UTF-8"?>
<testng-results ignored="0" total="3" passed="3" failed="0" skipped="0">
  <reporter-output>
  </reporter-output>
  <suite started-at="2023-06-16T01:06:24 EDT" name="Default suite" finished-at="2023-06-16T01:06:38 EDT" duration-ms="13838">
    <groups>
    </groups>
    <test started-at="2023-06-16T01:06:24 EDT" name="Default test" finished-at="2023-06-16T01:06:38 EDT" duration-ms="13838">
      <class name="test.DashboardTestPage">
        <test-method is-config="true" signature="initializeBrowser()[pri:0, instance:test.DashboardTestPage@62230c58]" started-at="2023-06-16T01:06:25 EDT" name="initializeBrowser" finished-at="2023-06-16T01:06:29 EDT" duration-ms="4297" status="PASS">
          <reporter-output>
          </reporter-output>
        </test-method> <!-- initializeBrowser -->
        <test-method signature="addCatagoryAndValidate()[pri:0, instance:test.DashboardTestPage@62230c58]" started-at="2023-06-16T01:06:29 EDT" name="addCatagoryAndValidate" finished-at="2023-06-16T01:06:30 EDT" duration-ms="1057" status="PASS">
          <reporter-output>
          </reporter-output>
        </test-method> <!-- addCatagoryAndValidate -->
        <test-method is-config="true" signature="initializeBrowser()[pri:0, instance:test.DashboardTestPage@62230c58]" started-at="2023-06-16T01:06:30 EDT" name="initializeBrowser" finished-at="2023-06-16T01:06:33 EDT" duration-ms="3039" status="PASS">
          <reporter-output>
          </reporter-output>
        </test-method> <!-- initializeBrowser -->
        <test-method signature="userShouldNotBeAbleToAddDuplicateCategory()[pri:0, instance:test.DashboardTestPage@62230c58]" started-at="2023-06-16T01:06:33 EDT" name="userShouldNotBeAbleToAddDuplicateCategory" finished-at="2023-06-16T01:06:35 EDT" duration-ms="1670" status="PASS">
          <reporter-output>
          </reporter-output>
        </test-method> <!-- userShouldNotBeAbleToAddDuplicateCategory -->
        <test-method is-config="true" signature="initializeBrowser()[pri:0, instance:test.DashboardTestPage@62230c58]" started-at="2023-06-16T01:06:35 EDT" name="initializeBrowser" finished-at="2023-06-16T01:06:38 EDT" duration-ms="3011" status="PASS">
          <reporter-output>
          </reporter-output>
        </test-method> <!-- initializeBrowser -->
        <test-method signature="validateMonthDropDown()[pri:0, instance:test.DashboardTestPage@62230c58]" started-at="2023-06-16T01:06:38 EDT" name="validateMonthDropDown" finished-at="2023-06-16T01:06:38 EDT" duration-ms="682" status="PASS">
          <reporter-output>
          </reporter-output>
        </test-method> <!-- validateMonthDropDown -->
      </class> <!-- test.DashboardTestPage -->
    </test> <!-- Default test -->
  </suite> <!-- Default suite -->
</testng-results>
